e:\visualscode\vlc1\debug\vlc1.pch
e:\visualscode\vlc1\debug\vc142.pdb
e:\visualscode\vlc1\debug\vc142.idb
e:\visualscode\vlc1\debug\pch.obj
e:\visualscode\vlc1\debug\vlc1dlg.obj
e:\visualscode\vlc1\debug\vlc1.obj
e:\visualscode\vlc1\debug\clogin.obj
e:\visualscode\vlc1\debug\vlc1.ilk
e:\visualscode\vlc1\debug\vlc1.exe
e:\visualscode\vlc1\debug\vlc1.pdb
e:\visualscode\vlc1\debug\vlc1.res
e:\visualscode\vlc1\debug\vlc1.tlog\cl.command.1.tlog
e:\visualscode\vlc1\debug\vlc1.tlog\cl.read.1.tlog
e:\visualscode\vlc1\debug\vlc1.tlog\cl.write.1.tlog
e:\visualscode\vlc1\debug\vlc1.tlog\link.command.1.tlog
e:\visualscode\vlc1\debug\vlc1.tlog\link.read.1.tlog
e:\visualscode\vlc1\debug\vlc1.tlog\link.write.1.tlog
e:\visualscode\vlc1\debug\vlc1.tlog\rc.command.1.tlog
e:\visualscode\vlc1\debug\vlc1.tlog\rc.read.1.tlog
e:\visualscode\vlc1\debug\vlc1.tlog\rc.write.1.tlog
