  VLC1Dlg.cpp
E:\VisualSCode\VLC1\VLC1Dlg.cpp(226,15): warning C4244: “初始化”: 从“INT_PTR”转换到“int”，可能丢失数据
mysqlclient.lib(client.obj) : error LNK2038: 检测到“_ITERATOR_DEBUG_LEVEL”的不匹配项: 值“0”不匹配值“2”(CLogin.obj 中)
mysqlclient.lib(client.obj) : error LNK2038: 检测到“RuntimeLibrary”的不匹配项: 值“MD_DynamicRelease”不匹配值“MDd_DynamicDebug”(CLogin.obj 中)
mysqlclient.lib(ctype-latin1.obj) : error LNK2038: 检测到“_ITERATOR_DEBUG_LEVEL”的不匹配项: 值“0”不匹配值“2”(CLogin.obj 中)
mysqlclient.lib(ctype-latin1.obj) : error LNK2038: 检测到“RuntimeLibrary”的不匹配项: 值“MD_DynamicRelease”不匹配值“MDd_DynamicDebug”(CLogin.obj 中)
mysqlclient.lib(mysql_trace.obj) : error LNK2038: 检测到“_ITERATOR_DEBUG_LEVEL”的不匹配项: 值“0”不匹配值“2”(CLogin.obj 中)
mysqlclient.lib(mysql_trace.obj) : error LNK2038: 检测到“RuntimeLibrary”的不匹配项: 值“MD_DynamicRelease”不匹配值“MDd_DynamicDebug”(CLogin.obj 中)
mysqlclient.lib(libmysql.obj) : error LNK2038: 检测到“_ITERATOR_DEBUG_LEVEL”的不匹配项: 值“0”不匹配值“2”(CLogin.obj 中)
mysqlclient.lib(libmysql.obj) : error LNK2038: 检测到“RuntimeLibrary”的不匹配项: 值“MD_DynamicRelease”不匹配值“MDd_DynamicDebug”(CLogin.obj 中)
mysqlclient.lib(client_authentication.obj) : error LNK2038: 检测到“_ITERATOR_DEBUG_LEVEL”的不匹配项: 值“0”不匹配值“2”(CLogin.obj 中)
mysqlclient.lib(client_authentication.obj) : error LNK2038: 检测到“RuntimeLibrary”的不匹配项: 值“MD_DynamicRelease”不匹配值“MDd_DynamicDebug”(CLogin.obj 中)
mysqlclient.lib(strmake.obj) : error LNK2038: 检测到“_ITERATOR_DEBUG_LEVEL”的不匹配项: 值“0”不匹配值“2”(CLogin.obj 中)
mysqlclient.lib(strmake.obj) : error LNK2038: 检测到“RuntimeLibrary”的不匹配项: 值“MD_DynamicRelease”不匹配值“MDd_DynamicDebug”(CLogin.obj 中)
mysqlclient.lib(strxmov.obj) : error LNK2038: 检测到“_ITERATOR_DEBUG_LEVEL”的不匹配项: 值“0”不匹配值“2”(CLogin.obj 中)
mysqlclient.lib(strxmov.obj) : error LNK2038: 检测到“RuntimeLibrary”的不匹配项: 值“MD_DynamicRelease”不匹配值“MDd_DynamicDebug”(CLogin.obj 中)
mysqlclient.lib(strxnmov.obj) : error LNK2038: 检测到“_ITERATOR_DEBUG_LEVEL”的不匹配项: 值“0”不匹配值“2”(CLogin.obj 中)
mysqlclient.lib(strxnmov.obj) : error LNK2038: 检测到“RuntimeLibrary”的不匹配项: 值“MD_DynamicRelease”不匹配值“MDd_DynamicDebug”(CLogin.obj 中)
mysqlclient.lib(int2str.obj) : error LNK2038: 检测到“_ITERATOR_DEBUG_LEVEL”的不匹配项: 值“0”不匹配值“2”(CLogin.obj 中)
mysqlclient.lib(int2str.obj) : error LNK2038: 检测到“RuntimeLibrary”的不匹配项: 值“MD_DynamicRelease”不匹配值“MDd_DynamicDebug”(CLogin.obj 中)
mysqlclient.lib(my_compress.obj) : error LNK2038: 检测到“_ITERATOR_DEBUG_LEVEL”的不匹配项: 值“0”不匹配值“2”(CLogin.obj 中)
mysqlclient.lib(my_compress.obj) : error LNK2038: 检测到“RuntimeLibrary”的不匹配项: 值“MD_DynamicRelease”不匹配值“MDd_DynamicDebug”(CLogin.obj 中)
mysqlclient.lib(mulalloc.obj) : error LNK2038: 检测到“_ITERATOR_DEBUG_LEVEL”的不匹配项: 值“0”不匹配值“2”(CLogin.obj 中)
mysqlclient.lib(mulalloc.obj) : error LNK2038: 检测到“RuntimeLibrary”的不匹配项: 值“MD_DynamicRelease”不匹配值“MDd_DynamicDebug”(CLogin.obj 中)
mysqlclient.lib(my_symlink.obj) : error LNK2038: 检测到“_ITERATOR_DEBUG_LEVEL”的不匹配项: 值“0”不匹配值“2”(CLogin.obj 中)
mysqlclient.lib(my_symlink.obj) : error LNK2038: 检测到“RuntimeLibrary”的不匹配项: 值“MD_DynamicRelease”不匹配值“MDd_DynamicDebug”(CLogin.obj 中)
mysqlclient.lib(my_error.obj) : error LNK2038: 检测到“_ITERATOR_DEBUG_LEVEL”的不匹配项: 值“0”不匹配值“2”(CLogin.obj 中)
mysqlclient.lib(my_error.obj) : error LNK2038: 检测到“RuntimeLibrary”的不匹配项: 值“MD_DynamicRelease”不匹配值“MDd_DynamicDebug”(CLogin.obj 中)
mysqlclient.lib(mf_dirname.obj) : error LNK2038: 检测到“_ITERATOR_DEBUG_LEVEL”的不匹配项: 值“0”不匹配值“2”(CLogin.obj 中)
mysqlclient.lib(mf_dirname.obj) : error LNK2038: 检测到“RuntimeLibrary”的不匹配项: 值“MD_DynamicRelease”不匹配值“MDd_DynamicDebug”(CLogin.obj 中)
mysqlclient.lib(mf_pack.obj) : error LNK2038: 检测到“_ITERATOR_DEBUG_LEVEL”的不匹配项: 值“0”不匹配值“2”(CLogin.obj 中)
mysqlclient.lib(mf_pack.obj) : error LNK2038: 检测到“RuntimeLibrary”的不匹配项: 值“MD_DynamicRelease”不匹配值“MDd_DynamicDebug”(CLogin.obj 中)
mysqlclient.lib(my_alloc.obj) : error LNK2038: 检测到“_ITERATOR_DEBUG_LEVEL”的不匹配项: 值“0”不匹配值“2”(CLogin.obj 中)
mysqlclient.lib(my_alloc.obj) : error LNK2038: 检测到“RuntimeLibrary”的不匹配项: 值“MD_DynamicRelease”不匹配值“MDd_DynamicDebug”(CLogin.obj 中)
mysqlclient.lib(charset.obj) : error LNK2038: 检测到“_ITERATOR_DEBUG_LEVEL”的不匹配项: 值“0”不匹配值“2”(CLogin.obj 中)
mysqlclient.lib(charset.obj) : error LNK2038: 检测到“RuntimeLibrary”的不匹配项: 值“MD_DynamicRelease”不匹配值“MDd_DynamicDebug”(CLogin.obj 中)
mysqlclient.lib(list.obj) : error LNK2038: 检测到“_ITERATOR_DEBUG_LEVEL”的不匹配项: 值“0”不匹配值“2”(CLogin.obj 中)
mysqlclient.lib(list.obj) : error LNK2038: 检测到“RuntimeLibrary”的不匹配项: 值“MD_DynamicRelease”不匹配值“MDd_DynamicDebug”(CLogin.obj 中)
mysqlclient.lib(net_serv.obj) : error LNK2038: 检测到“_ITERATOR_DEBUG_LEVEL”的不匹配项: 值“0”不匹配值“2”(CLogin.obj 中)
mysqlclient.lib(net_serv.obj) : error LNK2038: 检测到“RuntimeLibrary”的不匹配项: 值“MD_DynamicRelease”不匹配值“MDd_DynamicDebug”(CLogin.obj 中)
mysqlclient.lib(password.obj) : error LNK2038: 检测到“_ITERATOR_DEBUG_LEVEL”的不匹配项: 值“0”不匹配值“2”(CLogin.obj 中)
mysqlclient.lib(password.obj) : error LNK2038: 检测到“RuntimeLibrary”的不匹配项: 值“MD_DynamicRelease”不匹配值“MDd_DynamicDebug”(CLogin.obj 中)
mysqlclient.lib(pack.obj) : error LNK2038: 检测到“_ITERATOR_DEBUG_LEVEL”的不匹配项: 值“0”不匹配值“2”(CLogin.obj 中)
mysqlclient.lib(pack.obj) : error LNK2038: 检测到“RuntimeLibrary”的不匹配项: 值“MD_DynamicRelease”不匹配值“MDd_DynamicDebug”(CLogin.obj 中)
mysqlclient.lib(client_plugin.obj) : error LNK2038: 检测到“_ITERATOR_DEBUG_LEVEL”的不匹配项: 值“0”不匹配值“2”(CLogin.obj 中)
mysqlclient.lib(client_plugin.obj) : error LNK2038: 检测到“RuntimeLibrary”的不匹配项: 值“MD_DynamicRelease”不匹配值“MDd_DynamicDebug”(CLogin.obj 中)
mysqlclient.lib(compression.obj) : error LNK2038: 检测到“_ITERATOR_DEBUG_LEVEL”的不匹配项: 值“0”不匹配值“2”(CLogin.obj 中)
mysqlclient.lib(compression.obj) : error LNK2038: 检测到“RuntimeLibrary”的不匹配项: 值“MD_DynamicRelease”不匹配值“MDd_DynamicDebug”(CLogin.obj 中)
mysqlclient.lib(my_malloc.obj) : error LNK2038: 检测到“_ITERATOR_DEBUG_LEVEL”的不匹配项: 值“0”不匹配值“2”(CLogin.obj 中)
mysqlclient.lib(my_malloc.obj) : error LNK2038: 检测到“RuntimeLibrary”的不匹配项: 值“MD_DynamicRelease”不匹配值“MDd_DynamicDebug”(CLogin.obj 中)
mysqlclient.lib(my_default.obj) : error LNK2038: 检测到“_ITERATOR_DEBUG_LEVEL”的不匹配项: 值“0”不匹配值“2”(CLogin.obj 中)
mysqlclient.lib(my_default.obj) : error LNK2038: 检测到“RuntimeLibrary”的不匹配项: 值“MD_DynamicRelease”不匹配值“MDd_DynamicDebug”(CLogin.obj 中)
mysqlclient.lib(typelib.obj) : error LNK2038: 检测到“_ITERATOR_DEBUG_LEVEL”的不匹配项: 值“0”不匹配值“2”(CLogin.obj 中)
mysqlclient.lib(typelib.obj) : error LNK2038: 检测到“RuntimeLibrary”的不匹配项: 值“MD_DynamicRelease”不匹配值“MDd_DynamicDebug”(CLogin.obj 中)
mysqlclient.lib(vio.obj) : error LNK2038: 检测到“_ITERATOR_DEBUG_LEVEL”的不匹配项: 值“0”不匹配值“2”(CLogin.obj 中)
mysqlclient.lib(vio.obj) : error LNK2038: 检测到“RuntimeLibrary”的不匹配项: 值“MD_DynamicRelease”不匹配值“MDd_DynamicDebug”(CLogin.obj 中)
mysqlclient.lib(viosocket.obj) : error LNK2038: 检测到“_ITERATOR_DEBUG_LEVEL”的不匹配项: 值“0”不匹配值“2”(CLogin.obj 中)
mysqlclient.lib(viosocket.obj) : error LNK2038: 检测到“RuntimeLibrary”的不匹配项: 值“MD_DynamicRelease”不匹配值“MDd_DynamicDebug”(CLogin.obj 中)
mysqlclient.lib(viosslfactories.obj) : error LNK2038: 检测到“_ITERATOR_DEBUG_LEVEL”的不匹配项: 值“0”不匹配值“2”(CLogin.obj 中)
mysqlclient.lib(viosslfactories.obj) : error LNK2038: 检测到“RuntimeLibrary”的不匹配项: 值“MD_DynamicRelease”不匹配值“MDd_DynamicDebug”(CLogin.obj 中)
mysqlclient.lib(viossl.obj) : error LNK2038: 检测到“_ITERATOR_DEBUG_LEVEL”的不匹配项: 值“0”不匹配值“2”(CLogin.obj 中)
mysqlclient.lib(viossl.obj) : error LNK2038: 检测到“RuntimeLibrary”的不匹配项: 值“MD_DynamicRelease”不匹配值“MDd_DynamicDebug”(CLogin.obj 中)
mysqlclient.lib(my_thr_init.obj) : error LNK2038: 检测到“_ITERATOR_DEBUG_LEVEL”的不匹配项: 值“0”不匹配值“2”(CLogin.obj 中)
mysqlclient.lib(my_thr_init.obj) : error LNK2038: 检测到“RuntimeLibrary”的不匹配项: 值“MD_DynamicRelease”不匹配值“MDd_DynamicDebug”(CLogin.obj 中)
mysqlclient.lib(my_init.obj) : error LNK2038: 检测到“_ITERATOR_DEBUG_LEVEL”的不匹配项: 值“0”不匹配值“2”(CLogin.obj 中)
mysqlclient.lib(my_init.obj) : error LNK2038: 检测到“RuntimeLibrary”的不匹配项: 值“MD_DynamicRelease”不匹配值“MDd_DynamicDebug”(CLogin.obj 中)
mysqlclient.lib(errmsg.obj) : error LNK2038: 检测到“_ITERATOR_DEBUG_LEVEL”的不匹配项: 值“0”不匹配值“2”(CLogin.obj 中)
mysqlclient.lib(errmsg.obj) : error LNK2038: 检测到“RuntimeLibrary”的不匹配项: 值“MD_DynamicRelease”不匹配值“MDd_DynamicDebug”(CLogin.obj 中)
mysqlclient.lib(psi_noop.obj) : error LNK2038: 检测到“_ITERATOR_DEBUG_LEVEL”的不匹配项: 值“0”不匹配值“2”(CLogin.obj 中)
mysqlclient.lib(psi_noop.obj) : error LNK2038: 检测到“RuntimeLibrary”的不匹配项: 值“MD_DynamicRelease”不匹配值“MDd_DynamicDebug”(CLogin.obj 中)
mysqlclient.lib(ctype-bin.obj) : error LNK2038: 检测到“_ITERATOR_DEBUG_LEVEL”的不匹配项: 值“0”不匹配值“2”(CLogin.obj 中)
mysqlclient.lib(ctype-bin.obj) : error LNK2038: 检测到“RuntimeLibrary”的不匹配项: 值“MD_DynamicRelease”不匹配值“MDd_DynamicDebug”(CLogin.obj 中)
mysqlclient.lib(ctype-simple.obj) : error LNK2038: 检测到“_ITERATOR_DEBUG_LEVEL”的不匹配项: 值“0”不匹配值“2”(CLogin.obj 中)
mysqlclient.lib(ctype-simple.obj) : error LNK2038: 检测到“RuntimeLibrary”的不匹配项: 值“MD_DynamicRelease”不匹配值“MDd_DynamicDebug”(CLogin.obj 中)
mysqlclient.lib(ctype-utf8.obj) : error LNK2038: 检测到“_ITERATOR_DEBUG_LEVEL”的不匹配项: 值“0”不匹配值“2”(CLogin.obj 中)
mysqlclient.lib(ctype-utf8.obj) : error LNK2038: 检测到“RuntimeLibrary”的不匹配项: 值“MD_DynamicRelease”不匹配值“MDd_DynamicDebug”(CLogin.obj 中)
mysqlclient.lib(dtoa.obj) : error LNK2038: 检测到“_ITERATOR_DEBUG_LEVEL”的不匹配项: 值“0”不匹配值“2”(CLogin.obj 中)
mysqlclient.lib(dtoa.obj) : error LNK2038: 检测到“RuntimeLibrary”的不匹配项: 值“MD_DynamicRelease”不匹配值“MDd_DynamicDebug”(CLogin.obj 中)
mysqlclient.lib(my_strtoll10.obj) : error LNK2038: 检测到“_ITERATOR_DEBUG_LEVEL”的不匹配项: 值“0”不匹配值“2”(CLogin.obj 中)
mysqlclient.lib(my_strtoll10.obj) : error LNK2038: 检测到“RuntimeLibrary”的不匹配项: 值“MD_DynamicRelease”不匹配值“MDd_DynamicDebug”(CLogin.obj 中)
mysqlclient.lib(my_open.obj) : error LNK2038: 检测到“_ITERATOR_DEBUG_LEVEL”的不匹配项: 值“0”不匹配值“2”(CLogin.obj 中)
mysqlclient.lib(my_open.obj) : error LNK2038: 检测到“RuntimeLibrary”的不匹配项: 值“MD_DynamicRelease”不匹配值“MDd_DynamicDebug”(CLogin.obj 中)
mysqlclient.lib(my_read.obj) : error LNK2038: 检测到“_ITERATOR_DEBUG_LEVEL”的不匹配项: 值“0”不匹配值“2”(CLogin.obj 中)
mysqlclient.lib(my_read.obj) : error LNK2038: 检测到“RuntimeLibrary”的不匹配项: 值“MD_DynamicRelease”不匹配值“MDd_DynamicDebug”(CLogin.obj 中)
mysqlclient.lib(mf_format.obj) : error LNK2038: 检测到“_ITERATOR_DEBUG_LEVEL”的不匹配项: 值“0”不匹配值“2”(CLogin.obj 中)
mysqlclient.lib(mf_format.obj) : error LNK2038: 检测到“RuntimeLibrary”的不匹配项: 值“MD_DynamicRelease”不匹配值“MDd_DynamicDebug”(CLogin.obj 中)
mysqlclient.lib(my_time.obj) : error LNK2038: 检测到“_ITERATOR_DEBUG_LEVEL”的不匹配项: 值“0”不匹配值“2”(CLogin.obj 中)
mysqlclient.lib(my_time.obj) : error LNK2038: 检测到“RuntimeLibrary”的不匹配项: 值“MD_DynamicRelease”不匹配值“MDd_DynamicDebug”(CLogin.obj 中)
mysqlclient.lib(errors.obj) : error LNK2038: 检测到“_ITERATOR_DEBUG_LEVEL”的不匹配项: 值“0”不匹配值“2”(CLogin.obj 中)
mysqlclient.lib(errors.obj) : error LNK2038: 检测到“RuntimeLibrary”的不匹配项: 值“MD_DynamicRelease”不匹配值“MDd_DynamicDebug”(CLogin.obj 中)
mysqlclient.lib(crypt_genhash_impl.obj) : error LNK2038: 检测到“_ITERATOR_DEBUG_LEVEL”的不匹配项: 值“0”不匹配值“2”(CLogin.obj 中)
mysqlclient.lib(crypt_genhash_impl.obj) : error LNK2038: 检测到“RuntimeLibrary”的不匹配项: 值“MD_DynamicRelease”不匹配值“MDd_DynamicDebug”(CLogin.obj 中)
mysqlclient.lib(sha2_password_common.obj) : error LNK2038: 检测到“_ITERATOR_DEBUG_LEVEL”的不匹配项: 值“0”不匹配值“2”(CLogin.obj 中)
mysqlclient.lib(sha2_password_common.obj) : error LNK2038: 检测到“RuntimeLibrary”的不匹配项: 值“MD_DynamicRelease”不匹配值“MDd_DynamicDebug”(CLogin.obj 中)
mysqlclient.lib(my_static.obj) : error LNK2038: 检测到“_ITERATOR_DEBUG_LEVEL”的不匹配项: 值“0”不匹配值“2”(CLogin.obj 中)
mysqlclient.lib(my_static.obj) : error LNK2038: 检测到“RuntimeLibrary”的不匹配项: 值“MD_DynamicRelease”不匹配值“MDd_DynamicDebug”(CLogin.obj 中)
mysqlclient.lib(mf_loadpath.obj) : error LNK2038: 检测到“_ITERATOR_DEBUG_LEVEL”的不匹配项: 值“0”不匹配值“2”(CLogin.obj 中)
mysqlclient.lib(mf_loadpath.obj) : error LNK2038: 检测到“RuntimeLibrary”的不匹配项: 值“MD_DynamicRelease”不匹配值“MDd_DynamicDebug”(CLogin.obj 中)
mysqlclient.lib(my_lib.obj) : error LNK2038: 检测到“_ITERATOR_DEBUG_LEVEL”的不匹配项: 值“0”不匹配值“2”(CLogin.obj 中)
mysqlclient.lib(my_lib.obj) : error LNK2038: 检测到“RuntimeLibrary”的不匹配项: 值“MD_DynamicRelease”不匹配值“MDd_DynamicDebug”(CLogin.obj 中)
mysqlclient.lib(my_mess.obj) : error LNK2038: 检测到“_ITERATOR_DEBUG_LEVEL”的不匹配项: 值“0”不匹配值“2”(CLogin.obj 中)
mysqlclient.lib(my_mess.obj) : error LNK2038: 检测到“RuntimeLibrary”的不匹配项: 值“MD_DynamicRelease”不匹配值“MDd_DynamicDebug”(CLogin.obj 中)
mysqlclient.lib(my_getwd.obj) : error LNK2038: 检测到“_ITERATOR_DEBUG_LEVEL”的不匹配项: 值“0”不匹配值“2”(CLogin.obj 中)
mysqlclient.lib(my_getwd.obj) : error LNK2038: 检测到“RuntimeLibrary”的不匹配项: 值“MD_DynamicRelease”不匹配值“MDd_DynamicDebug”(CLogin.obj 中)
mysqlclient.lib(ctype.obj) : error LNK2038: 检测到“_ITERATOR_DEBUG_LEVEL”的不匹配项: 值“0”不匹配值“2”(CLogin.obj 中)
mysqlclient.lib(ctype.obj) : error LNK2038: 检测到“RuntimeLibrary”的不匹配项: 值“MD_DynamicRelease”不匹配值“MDd_DynamicDebug”(CLogin.obj 中)
mysqlclient.lib(my_once.obj) : error LNK2038: 检测到“_ITERATOR_DEBUG_LEVEL”的不匹配项: 值“0”不匹配值“2”(CLogin.obj 中)
mysqlclient.lib(my_once.obj) : error LNK2038: 检测到“RuntimeLibrary”的不匹配项: 值“MD_DynamicRelease”不匹配值“MDd_DynamicDebug”(CLogin.obj 中)
mysqlclient.lib(charset-def.obj) : error LNK2038: 检测到“_ITERATOR_DEBUG_LEVEL”的不匹配项: 值“0”不匹配值“2”(CLogin.obj 中)
mysqlclient.lib(charset-def.obj) : error LNK2038: 检测到“RuntimeLibrary”的不匹配项: 值“MD_DynamicRelease”不匹配值“MDd_DynamicDebug”(CLogin.obj 中)
mysqlclient.lib(sql_chars.obj) : error LNK2038: 检测到“_ITERATOR_DEBUG_LEVEL”的不匹配项: 值“0”不匹配值“2”(CLogin.obj 中)
mysqlclient.lib(sql_chars.obj) : error LNK2038: 检测到“RuntimeLibrary”的不匹配项: 值“MD_DynamicRelease”不匹配值“MDd_DynamicDebug”(CLogin.obj 中)
mysqlclient.lib(ctype-uca.obj) : error LNK2038: 检测到“_ITERATOR_DEBUG_LEVEL”的不匹配项: 值“0”不匹配值“2”(CLogin.obj 中)
mysqlclient.lib(ctype-uca.obj) : error LNK2038: 检测到“RuntimeLibrary”的不匹配项: 值“MD_DynamicRelease”不匹配值“MDd_DynamicDebug”(CLogin.obj 中)
mysqlclient.lib(ctype-cp932.obj) : error LNK2038: 检测到“_ITERATOR_DEBUG_LEVEL”的不匹配项: 值“0”不匹配值“2”(CLogin.obj 中)
mysqlclient.lib(ctype-cp932.obj) : error LNK2038: 检测到“RuntimeLibrary”的不匹配项: 值“MD_DynamicRelease”不匹配值“MDd_DynamicDebug”(CLogin.obj 中)
mysqlclient.lib(my_strchr.obj) : error LNK2038: 检测到“_ITERATOR_DEBUG_LEVEL”的不匹配项: 值“0”不匹配值“2”(CLogin.obj 中)
mysqlclient.lib(my_strchr.obj) : error LNK2038: 检测到“RuntimeLibrary”的不匹配项: 值“MD_DynamicRelease”不匹配值“MDd_DynamicDebug”(CLogin.obj 中)
mysqlclient.lib(my_aes_openssl.obj) : error LNK2038: 检测到“_ITERATOR_DEBUG_LEVEL”的不匹配项: 值“0”不匹配值“2”(CLogin.obj 中)
mysqlclient.lib(my_aes_openssl.obj) : error LNK2038: 检测到“RuntimeLibrary”的不匹配项: 值“MD_DynamicRelease”不匹配值“MDd_DynamicDebug”(CLogin.obj 中)
mysqlclient.lib(my_fstream.obj) : error LNK2038: 检测到“_ITERATOR_DEBUG_LEVEL”的不匹配项: 值“0”不匹配值“2”(CLogin.obj 中)
mysqlclient.lib(my_fstream.obj) : error LNK2038: 检测到“RuntimeLibrary”的不匹配项: 值“MD_DynamicRelease”不匹配值“MDd_DynamicDebug”(CLogin.obj 中)
mysqlclient.lib(my_fopen.obj) : error LNK2038: 检测到“_ITERATOR_DEBUG_LEVEL”的不匹配项: 值“0”不匹配值“2”(CLogin.obj 中)
mysqlclient.lib(my_fopen.obj) : error LNK2038: 检测到“RuntimeLibrary”的不匹配项: 值“MD_DynamicRelease”不匹配值“MDd_DynamicDebug”(CLogin.obj 中)
mysqlclient.lib(mf_fn_ext.obj) : error LNK2038: 检测到“_ITERATOR_DEBUG_LEVEL”的不匹配项: 值“0”不匹配值“2”(CLogin.obj 中)
mysqlclient.lib(mf_fn_ext.obj) : error LNK2038: 检测到“RuntimeLibrary”的不匹配项: 值“MD_DynamicRelease”不匹配值“MDd_DynamicDebug”(CLogin.obj 中)
mysqlclient.lib(viopipe.obj) : error LNK2038: 检测到“_ITERATOR_DEBUG_LEVEL”的不匹配项: 值“0”不匹配值“2”(CLogin.obj 中)
mysqlclient.lib(viopipe.obj) : error LNK2038: 检测到“RuntimeLibrary”的不匹配项: 值“MD_DynamicRelease”不匹配值“MDd_DynamicDebug”(CLogin.obj 中)
mysqlclient.lib(vioshm.obj) : error LNK2038: 检测到“_ITERATOR_DEBUG_LEVEL”的不匹配项: 值“0”不匹配值“2”(CLogin.obj 中)
mysqlclient.lib(vioshm.obj) : error LNK2038: 检测到“RuntimeLibrary”的不匹配项: 值“MD_DynamicRelease”不匹配值“MDd_DynamicDebug”(CLogin.obj 中)
mysqlclient.lib(str2int.obj) : error LNK2038: 检测到“_ITERATOR_DEBUG_LEVEL”的不匹配项: 值“0”不匹配值“2”(CLogin.obj 中)
mysqlclient.lib(str2int.obj) : error LNK2038: 检测到“RuntimeLibrary”的不匹配项: 值“MD_DynamicRelease”不匹配值“MDd_DynamicDebug”(CLogin.obj 中)
mysqlclient.lib(my_winfile.obj) : error LNK2038: 检测到“_ITERATOR_DEBUG_LEVEL”的不匹配项: 值“0”不匹配值“2”(CLogin.obj 中)
mysqlclient.lib(my_winfile.obj) : error LNK2038: 检测到“RuntimeLibrary”的不匹配项: 值“MD_DynamicRelease”不匹配值“MDd_DynamicDebug”(CLogin.obj 中)
mysqlclient.lib(my_file.obj) : error LNK2038: 检测到“_ITERATOR_DEBUG_LEVEL”的不匹配项: 值“0”不匹配值“2”(CLogin.obj 中)
mysqlclient.lib(my_file.obj) : error LNK2038: 检测到“RuntimeLibrary”的不匹配项: 值“MD_DynamicRelease”不匹配值“MDd_DynamicDebug”(CLogin.obj 中)
mysqlclient.lib(my_thread.obj) : error LNK2038: 检测到“_ITERATOR_DEBUG_LEVEL”的不匹配项: 值“0”不匹配值“2”(CLogin.obj 中)
mysqlclient.lib(my_thread.obj) : error LNK2038: 检测到“RuntimeLibrary”的不匹配项: 值“MD_DynamicRelease”不匹配值“MDd_DynamicDebug”(CLogin.obj 中)
mysqlclient.lib(ctype-mb.obj) : error LNK2038: 检测到“_ITERATOR_DEBUG_LEVEL”的不匹配项: 值“0”不匹配值“2”(CLogin.obj 中)
mysqlclient.lib(ctype-mb.obj) : error LNK2038: 检测到“RuntimeLibrary”的不匹配项: 值“MD_DynamicRelease”不匹配值“MDd_DynamicDebug”(CLogin.obj 中)
mysqlclient.lib(xml.obj) : error LNK2038: 检测到“_ITERATOR_DEBUG_LEVEL”的不匹配项: 值“0”不匹配值“2”(CLogin.obj 中)
mysqlclient.lib(xml.obj) : error LNK2038: 检测到“RuntimeLibrary”的不匹配项: 值“MD_DynamicRelease”不匹配值“MDd_DynamicDebug”(CLogin.obj 中)
mysqlclient.lib(ctype-extra.obj) : error LNK2038: 检测到“_ITERATOR_DEBUG_LEVEL”的不匹配项: 值“0”不匹配值“2”(CLogin.obj 中)
mysqlclient.lib(ctype-extra.obj) : error LNK2038: 检测到“RuntimeLibrary”的不匹配项: 值“MD_DynamicRelease”不匹配值“MDd_DynamicDebug”(CLogin.obj 中)
mysqlclient.lib(ctype-big5.obj) : error LNK2038: 检测到“_ITERATOR_DEBUG_LEVEL”的不匹配项: 值“0”不匹配值“2”(CLogin.obj 中)
mysqlclient.lib(ctype-big5.obj) : error LNK2038: 检测到“RuntimeLibrary”的不匹配项: 值“MD_DynamicRelease”不匹配值“MDd_DynamicDebug”(CLogin.obj 中)
mysqlclient.lib(ctype-win1250ch.obj) : error LNK2038: 检测到“_ITERATOR_DEBUG_LEVEL”的不匹配项: 值“0”不匹配值“2”(CLogin.obj 中)
mysqlclient.lib(ctype-win1250ch.obj) : error LNK2038: 检测到“RuntimeLibrary”的不匹配项: 值“MD_DynamicRelease”不匹配值“MDd_DynamicDebug”(CLogin.obj 中)
mysqlclient.lib(ctype-czech.obj) : error LNK2038: 检测到“_ITERATOR_DEBUG_LEVEL”的不匹配项: 值“0”不匹配值“2”(CLogin.obj 中)
mysqlclient.lib(ctype-czech.obj) : error LNK2038: 检测到“RuntimeLibrary”的不匹配项: 值“MD_DynamicRelease”不匹配值“MDd_DynamicDebug”(CLogin.obj 中)
mysqlclient.lib(ctype-eucjpms.obj) : error LNK2038: 检测到“_ITERATOR_DEBUG_LEVEL”的不匹配项: 值“0”不匹配值“2”(CLogin.obj 中)
mysqlclient.lib(ctype-eucjpms.obj) : error LNK2038: 检测到“RuntimeLibrary”的不匹配项: 值“MD_DynamicRelease”不匹配值“MDd_DynamicDebug”(CLogin.obj 中)
mysqlclient.lib(ctype-euc_kr.obj) : error LNK2038: 检测到“_ITERATOR_DEBUG_LEVEL”的不匹配项: 值“0”不匹配值“2”(CLogin.obj 中)
mysqlclient.lib(ctype-euc_kr.obj) : error LNK2038: 检测到“RuntimeLibrary”的不匹配项: 值“MD_DynamicRelease”不匹配值“MDd_DynamicDebug”(CLogin.obj 中)
mysqlclient.lib(ctype-gb2312.obj) : error LNK2038: 检测到“_ITERATOR_DEBUG_LEVEL”的不匹配项: 值“0”不匹配值“2”(CLogin.obj 中)
mysqlclient.lib(ctype-gb2312.obj) : error LNK2038: 检测到“RuntimeLibrary”的不匹配项: 值“MD_DynamicRelease”不匹配值“MDd_DynamicDebug”(CLogin.obj 中)
mysqlclient.lib(ctype-gbk.obj) : error LNK2038: 检测到“_ITERATOR_DEBUG_LEVEL”的不匹配项: 值“0”不匹配值“2”(CLogin.obj 中)
mysqlclient.lib(ctype-gbk.obj) : error LNK2038: 检测到“RuntimeLibrary”的不匹配项: 值“MD_DynamicRelease”不匹配值“MDd_DynamicDebug”(CLogin.obj 中)
mysqlclient.lib(ctype-gb18030.obj) : error LNK2038: 检测到“_ITERATOR_DEBUG_LEVEL”的不匹配项: 值“0”不匹配值“2”(CLogin.obj 中)
mysqlclient.lib(ctype-gb18030.obj) : error LNK2038: 检测到“RuntimeLibrary”的不匹配项: 值“MD_DynamicRelease”不匹配值“MDd_DynamicDebug”(CLogin.obj 中)
mysqlclient.lib(ctype-sjis.obj) : error LNK2038: 检测到“_ITERATOR_DEBUG_LEVEL”的不匹配项: 值“0”不匹配值“2”(CLogin.obj 中)
mysqlclient.lib(ctype-sjis.obj) : error LNK2038: 检测到“RuntimeLibrary”的不匹配项: 值“MD_DynamicRelease”不匹配值“MDd_DynamicDebug”(CLogin.obj 中)
mysqlclient.lib(ctype-tis620.obj) : error LNK2038: 检测到“_ITERATOR_DEBUG_LEVEL”的不匹配项: 值“0”不匹配值“2”(CLogin.obj 中)
mysqlclient.lib(ctype-tis620.obj) : error LNK2038: 检测到“RuntimeLibrary”的不匹配项: 值“MD_DynamicRelease”不匹配值“MDd_DynamicDebug”(CLogin.obj 中)
mysqlclient.lib(ctype-ujis.obj) : error LNK2038: 检测到“_ITERATOR_DEBUG_LEVEL”的不匹配项: 值“0”不匹配值“2”(CLogin.obj 中)
mysqlclient.lib(ctype-ujis.obj) : error LNK2038: 检测到“RuntimeLibrary”的不匹配项: 值“MD_DynamicRelease”不匹配值“MDd_DynamicDebug”(CLogin.obj 中)
mysqlclient.lib(ctype-ucs2.obj) : error LNK2038: 检测到“_ITERATOR_DEBUG_LEVEL”的不匹配项: 值“0”不匹配值“2”(CLogin.obj 中)
mysqlclient.lib(ctype-ucs2.obj) : error LNK2038: 检测到“RuntimeLibrary”的不匹配项: 值“MD_DynamicRelease”不匹配值“MDd_DynamicDebug”(CLogin.obj 中)
mysqlclient.lib(my_aes.obj) : error LNK2038: 检测到“_ITERATOR_DEBUG_LEVEL”的不匹配项: 值“0”不匹配值“2”(CLogin.obj 中)
mysqlclient.lib(my_aes.obj) : error LNK2038: 检测到“RuntimeLibrary”的不匹配项: 值“MD_DynamicRelease”不匹配值“MDd_DynamicDebug”(CLogin.obj 中)
mysqlclient.lib(my_access.obj) : error LNK2038: 检测到“_ITERATOR_DEBUG_LEVEL”的不匹配项: 值“0”不匹配值“2”(CLogin.obj 中)
mysqlclient.lib(my_access.obj) : error LNK2038: 检测到“RuntimeLibrary”的不匹配项: 值“MD_DynamicRelease”不匹配值“MDd_DynamicDebug”(CLogin.obj 中)
mysqlclient.lib(my_winerr.obj) : error LNK2038: 检测到“_ITERATOR_DEBUG_LEVEL”的不匹配项: 值“0”不匹配值“2”(CLogin.obj 中)
mysqlclient.lib(my_winerr.obj) : error LNK2038: 检测到“RuntimeLibrary”的不匹配项: 值“MD_DynamicRelease”不匹配值“MDd_DynamicDebug”(CLogin.obj 中)
    正在创建库 E:\VisualSCode\VLC1\x64\Debug\VLC1.lib 和对象 E:\VisualSCode\VLC1\x64\Debug\VLC1.exp
LINK : warning LNK4098: 默认库“MSVCRT”与其他库的使用冲突；请使用 /NODEFAULTLIB:library
E:\VisualSCode\VLC1\x64\Debug\VLC1.exe : fatal error LNK1319: 检测到 172 个不匹配项
